Start testing: Dec 11 09:13 CST
----------------------------------------------------------
1/1 Testing: mytest
1/1 Test: mytest
Command: "/home/sj/cmakePractice/t4/build/bin/main"
Directory: /home/sj/cmakePractice/t4/build
"mytest" start time: Dec 11 09:13 CST
Output:
----------------------------------------------------------
Hello World
<end of output>
Test time =   0.00 sec
----------------------------------------------------------
Test Passed.
"mytest" end time: Dec 11 09:13 CST
"mytest" time elapsed: 00:00:00
----------------------------------------------------------

End testing: Dec 11 09:13 CST
